Unity Editor version:    2022.3.30f1 (70558241b701)
Branch:                  2022.3/staging
Build type:              Release
Batch mode:              YES
macOS version:           Version 14.5 (Build 23F79)
Darwin version:          23.5.0
Architecture:            x86_64
Running under Rosetta:   NO
Available memory:        49152 MB
Using pre-set license
Pro License: YES

COMMAND LINE ARGUMENTS:
/Applications/Unity/Hub/Editor/2022.3.30f1/Unity.app/Contents/MacOS/Unity
-adb2
-batchMode
-noUpm
-name
AssetImportWorker4
-projectPath
/Users/mr68/Desktop/unity/Uni-Run
-logFile
Logs/AssetImportWorker4.log
-srvPort
53334
Successfully changed project path to: /Users/mr68/Desktop/unity/Uni-Run
/Users/mr68/Desktop/unity/Uni-Run
[UnityMemory] Configuration Parameters - Can be set up in boot.config
    "memorysetup-bucket-allocator-granularity=16"
    "memorysetup-bucket-allocator-bucket-count=8"
    "memorysetup-bucket-allocator-block-size=33554432"
    "memorysetup-bucket-allocator-block-count=8"
    "memorysetup-main-allocator-block-size=16777216"
    "memorysetup-thread-allocator-block-size=16777216"
    "memorysetup-gfx-main-allocator-block-size=16777216"
    "memorysetup-gfx-thread-allocator-block-size=16777216"
    "memorysetup-cache-allocator-block-size=4194304"
    "memorysetup-typetree-allocator-block-size=2097152"
    "memorysetup-profiler-bucket-allocator-granularity=16"
    "memorysetup-profiler-bucket-allocator-bucket-count=8"
    "memorysetup-profiler-bucket-allocator-block-size=33554432"
    "memorysetup-profiler-bucket-allocator-block-count=8"
    "memorysetup-profiler-allocator-block-size=16777216"
    "memorysetup-profiler-editor-allocator-block-size=1048576"
    "memorysetup-temp-allocator-size-main=16777216"
    "memorysetup-job-temp-allocator-block-size=2097152"
    "memorysetup-job-temp-allocator-block-size-background=1048576"
    "memorysetup-job-temp-allocator-reduction-small-platforms=262144"
    "memorysetup-allocator-temp-initial-block-size-main=262144"
    "memorysetup-allocator-temp-initial-block-size-worker=262144"
    "memorysetup-temp-allocator-size-background-worker=32768"
    "memorysetup-temp-allocator-size-job-worker=262144"
    "memorysetup-temp-allocator-size-preload-manager=33554432"
    "memorysetup-temp-allocator-size-nav-mesh-worker=65536"
    "memorysetup-temp-allocator-size-audio-worker=65536"
    "memorysetup-temp-allocator-size-cloud-worker=32768"
    "memorysetup-temp-allocator-size-gi-baking-worker=262144"
    "memorysetup-temp-allocator-size-gfx=262144"
Player connection [140704682278848] Host "[IP] 192.168.1.68 [Port] 0 [Flags] 2 [Guid] 421969552 [EditorId] 421969552 [Version] 1048832 [Id] OSXEditor(0,MR68ui-MacPro.local) [Debug] 1 [PackageName] OSXEditor [ProjectName] Editor" joined multi-casting on [225.0.0.222:54997]...

Player connection [140704682278848] Host "[IP] 192.168.1.68 [Port] 0 [Flags] 2 [Guid] 421969552 [EditorId] 421969552 [Version] 1048832 [Id] OSXEditor(0,MR68ui-MacPro.local) [Debug] 1 [PackageName] OSXEditor [ProjectName] Editor" joined alternative multi-casting on [225.0.0.222:34997]...

[Physics::Module] Initialized MultithreadedJobDispatcher with 15 workers.
Refreshing native plugins compatible for Editor in 9.00 ms, found 2 plugins.
Preloading 0 native plugins for Editor in 0.00 ms.
Initialize engine version: 2022.3.30f1 (70558241b701)
[Subsystems] Discovering subsystems at path /Applications/Unity/Hub/Editor/2022.3.30f1/Unity.app/Contents/Resources/UnitySubsystems
[Subsystems] Discovering subsystems at path /Users/mr68/Desktop/unity/Uni-Run/Assets
GfxDevice: creating device client; threaded=0; jobified=0
LG UltraFine preferred device: AMD Radeon Pro W5700X (high power)
Metal devices available: 1
0: AMD Radeon Pro W5700X (high power)
Using device AMD Radeon Pro W5700X (high power)
Initializing Metal device caps: AMD Radeon Pro W5700X
Initialize mono
Mono path[0] = '/Applications/Unity/Hub/Editor/2022.3.30f1/Unity.app/Contents/Managed'
Mono path[1] = '/Applications/Unity/Hub/Editor/2022.3.30f1/Unity.app/Contents/MonoBleedingEdge/lib/mono/unityjit-macos'
Mono config path = '/Applications/Unity/Hub/Editor/2022.3.30f1/Unity.app/Contents/MonoBleedingEdge/etc'
Using monoOptions --debugger-agent=transport=dt_socket,embedding=1,server=y,suspend=n,address=127.0.0.1:56069
Begin MonoManager ReloadAssembly
Registering precompiled unity dll's ...
Register platform support module: /Applications/Unity/Hub/Editor/2022.3.30f1/Unity.app/Contents/PlaybackEngines/MacStandaloneSupport/UnityEditor.OSXStandalone.Extensions.dll
Register platform support module: /Applications/Unity/Hub/Editor/2022.3.30f1/PlaybackEngines/AndroidPlayer/UnityEditor.Android.Extensions.dll
Registered in 0.002034 seconds.
- Loaded All Assemblies, in  0.440 seconds
Native extension for Android target not found
Android Extension - Scanning For ADB Devices 133 ms
Native extension for OSXStandalone target not found
Mono: successfully reloaded assembly
- Finished resetting the current domain, in  0.515 seconds
Domain Reload Profiling: 955ms
	BeginReloadAssembly (104ms)
		ExecutionOrderSort (0ms)
		DisableScriptedObjects (0ms)
		BackupInstance (0ms)
		ReleaseScriptingObjects (0ms)
		CreateAndSetChildDomain (1ms)
	RebuildCommonClasses (51ms)
	RebuildNativeTypeToScriptingClass (16ms)
	initialDomainReloadingComplete (59ms)
	LoadAllAssembliesAndSetupDomain (210ms)
		LoadAssemblies (104ms)
		RebuildTransferFunctionScriptingTraits (0ms)
		AnalyzeDomain (207ms)
			TypeCache.Refresh (205ms)
				TypeCache.ScanAssembly (180ms)
			ScanForSourceGeneratedMonoScriptInfo (0ms)
			ResolveRequiredComponents (1ms)
	FinalizeReload (516ms)
		ReleaseScriptCaches (0ms)
		RebuildScriptCaches (0ms)
		SetupLoadedEditorAssemblies (441ms)
			LogAssemblyErrors (0ms)
			InitializePlatformSupportModulesInManaged (260ms)
			SetLoadedEditorAssemblies (4ms)
			RefreshPlugins (0ms)
			BeforeProcessingInitializeOnLoad (2ms)
			ProcessInitializeOnLoadAttributes (128ms)
			ProcessInitializeOnLoadMethodAttributes (47ms)
			AfterProcessingInitializeOnLoad (0ms)
			EditorAssembliesLoaded (0ms)
		ExecutionOrderSort2 (0ms)
		AwakeInstancesAfterBackupRestoration (0ms)
========================================================================
Worker process is ready to serve import requests
Begin MonoManager ReloadAssembly
Symbol file LoadedFromMemory is not a mono symbol file
- Loaded All Assemblies, in  0.643 seconds
Refreshing native plugins compatible for Editor in 3.30 ms, found 2 plugins.
Native extension for Android target not found
Native extension for OSXStandalone target not found
Package Manager log level set to [2]
[Package Manager] Server::EnsureServerProcessIsRunning -- launch failed, reason: Unity was launched with the -noUpm command-line argument
[Package Manager] UpmClient::Send -- Unable to send message (not connected to UPM process).
[Package Manager] Cannot connect to Unity Package Manager local server
Mono: successfully reloaded assembly
- Finished resetting the current domain, in  0.753 seconds
Domain Reload Profiling: 1397ms
	BeginReloadAssembly (165ms)
		ExecutionOrderSort (0ms)
		DisableScriptedObjects (6ms)
		BackupInstance (0ms)
		ReleaseScriptingObjects (0ms)
		CreateAndSetChildDomain (42ms)
	RebuildCommonClasses (51ms)
	RebuildNativeTypeToScriptingClass (15ms)
	initialDomainReloadingComplete (47ms)
	LoadAllAssembliesAndSetupDomain (364ms)
		LoadAssemblies (273ms)
		RebuildTransferFunctionScriptingTraits (0ms)
		AnalyzeDomain (169ms)
			TypeCache.Refresh (143ms)
				TypeCache.ScanAssembly (120ms)
			ScanForSourceGeneratedMonoScriptInfo (20ms)
			ResolveRequiredComponents (4ms)
	FinalizeReload (754ms)
		ReleaseScriptCaches (0ms)
		RebuildScriptCaches (0ms)
		SetupLoadedEditorAssemblies (565ms)
			LogAssemblyErrors (0ms)
			InitializePlatformSupportModulesInManaged (24ms)
			SetLoadedEditorAssemblies (4ms)
			RefreshPlugins (0ms)
			BeforeProcessingInitializeOnLoad (49ms)
			ProcessInitializeOnLoadAttributes (308ms)
			ProcessInitializeOnLoadMethodAttributes (179ms)
			AfterProcessingInitializeOnLoad (1ms)
			EditorAssembliesLoaded (0ms)
		ExecutionOrderSort2 (0ms)
		AwakeInstancesAfterBackupRestoration (4ms)
Launching external process: /Applications/Unity/Hub/Editor/2022.3.30f1/Unity.app/Contents/Tools/UnityShaderCompiler
Launched and connected shader compiler UnityShaderCompiler after 0.07 seconds
Refreshing native plugins compatible for Editor in 3.50 ms, found 2 plugins.
Preloading 0 native plugins for Editor in 0.00 ms.
Unloading 2519 Unused Serialized files (Serialized files now loaded: 0)
Unloading 64 unused Assets / (62.7 KB). Loaded Objects now: 2962.
Memory consumption went from 121.5 MB to 121.4 MB.
Total: 8.921634 ms (FindLiveObjects: 0.271186 ms CreateObjectMapping: 0.151793 ms MarkObjects: 8.323637 ms  DeleteObjects: 0.173939 ms)

AssetImportParameters requested are different than current active one (requested -> active):
  custom:video-decoder-webm-vp8: 9c59270c3fd7afecdb556c50c9e8de78 -> 
  custom:scripting/monoscript/fileName/PlatformSpawner.cs: e1cfad3187d6763d7bdb51fc68734de6 -> 252f0fb7b57384d6234cc9891fe3803d
  custom:scripting/monoscript/fileName/ScrollingObject.cs: ef1ef518ed4220d0d582eba6985686f5 -> 16943453e0c2bcb257511cf44becd66c
  custom:scripting/monoscript/fileName/CFXR_Demo_Translate.cs: 282d9f9a6ecf0d4a1c6c4f01345e01a1 -> bf3bdd14f5899835d13cb9fe83e767e2
  custom:SearchIndexIgnoredProperties: e643bd26f0fe6173181afceb89e7c659 -> 
  custom:container-demuxer-ogg: 62fdf1f143b41e24485cea50d1cbac27 -> 
  custom:scripting/monoscript/fileName/BackgroundLoop.cs: c748576cf06d0a2dc0890782f1e112a3 -> b77b683d7ee28238f7d907dcbc13649a
  custom:scripting/monoscript/fileName/CFXR_ParticleText.cs: 954edc24969e7d36de6c6a079a85cb98 -> 3f1f97f09f1dd1cf194149bcb9712660
  custom:AudioImporter_EditorPlatform: 3918e3fc78b5a79bad01e8451be0beb8 -> 
  custom:scripting/monoscript/fileName/GameManager.cs: f6182d712e34e20e3202214886862cdb -> 9933fbcc6190e2a9171c2ec8808a053e
  custom:scripting/monoscript/fileName/CFXR_Styles.cs: 0757069e7af3ba4444d0d25cf7f1aee1 -> 14132385ef0a62dc85f08de4f5687ece
  custom:scripting/monoscript/fileName/CFXR_WelcomeScreen.cs: 9c94608da2bdcc5de3ace1327c049746 -> 
  custom:scripting/monoscript/fileName/BloomGraphDrawer.cs: 568ae764c377db66faaeb7833d4bccb3 -> 9600e9f64d67dabab17944976945a2fa
  custom:video-decoder-ogg-theora: a1e56fd34408186e4bbccfd4996cb3dc -> 
  custom:scripting/monoscript/fileName/CFXR_ParticleTextFontAsset.cs: 2c0f5b39375fdb3ffea33678dba0f2b1 -> 997a733798b2c803fc88cc92695e7ca4
  custom:scripting/monoscript/fileName/CFXR_MaterialInspector.cs: 0c5bfea224b575e2646313fc42f2e08d -> 85a99159289e64398275fbc6500bb9a8
  custom:framework-osx-AVFoundation: e770b220cccbd017edd2c1fefb359320 -> 
  custom:scripting/monoscript/fileName/CFXR_ShaderImporter.cs: a566cd0f556f35f05719aac10415b17c -> f0ef3fb7c5ca7b4517f50c44917fac9e
  custom:video-encoder-webm-vp8: eb34c28f22e8b96e1ab97ce403110664 -> 
  custom:scripting/monoscript/fileName/CFXR_Effect.CameraShake.cs: a53f96815da50de15010b1c479bc70cf -> 0cdf409b5aa8d4c25876d72b5c6a3b60
  custom:scripting/monoscript/fileName/Bloom.cs: f2208c314d0170133875ca9a9b688726 -> 3b16b4d33f3d30843d2aa87b6206b4be
  custom:audio-decoder-ogg-vorbis: bf7c407c2cedff20999df2af8eb42d56 -> 
  custom:scripting/monoscript/fileName/PlayerController.cs: 5b090d859ab09be631dc3b0f203f9571 -> d93a52a180fbbe603a59e9aa6da73c83
  custom:scripting/monoscript/fileName/CFXR_Demo.cs: dafb48c744f8f9712e2a19d95bc33b43 -> 2236c91491221800136a918da2fc2861
  custom:CustomObjectIndexerAttribute: 9a22284fe3817be447336de3de66b15e -> 
  custom:scripting/monoscript/fileName/Platform.cs: a4d3d2841baff711e964d71b1e8784de -> 7e5af7a54829a12433f8680a467b9d93
  custom:container-demuxer-webm: 4f35f7cbe854078d1ac9338744f61a02 -> 
  custom:scripting/monoscript/fileName/CFXR_ShaderPostProcessor.cs: 8c6e989bfa7de8931452a3b2acaa3404 -> eee4c4410265e19bfd8b3e2c4c5b2a2d
  custom:scripting/monoscript/fileName/BloomEditor.cs: c4397c906d0b1ab144602495c41137c2 -> 89e0e0bc60c6236a30fe9f86121d654c
  custom:scripting/monoscript/fileName/CFXR_EmissionBySurface.cs: ace1fbedccc09febe364c5088d60b3b3 -> 6294a85dd8a1718740abd2427d3ed0fe
  custom:scripting/monoscript/fileName/CFXR_Demo_Rotate.cs: fcad54cf80c113a8573a07edd452f948 -> 558719a58b028e94222b368a7326d6e9
  custom:audio-encoder-webm-vorbis: bf7c407c2cedff20999df2af8eb42d56 -> 
  custom:scripting/monoscript/fileName/CFXR_ExpressionParser.cs: f9b5276a4e540080f15d5067545c3777 -> 215820334dc899aa183f0061c3ffd288
  custom:container-muxer-webm: aa71ff27fc2769a1b78a27578f13a17b -> 
========================================================================
Received Import Request.
  Time since last request: 24369.586833 seconds.
  path: Assets/0. Asset/JMO Assets/Cartoon FX Remaster/CFXR Assets/Graphics/cfxr stretch rectangle ray.png
  artifactKey: Guid(6169cfc312e54a94ba501b9c3a5d7357) Importer(815301076,1909f56bfc062723c751e8b465ee728b)
Start importing Assets/0. Asset/JMO Assets/Cartoon FX Remaster/CFXR Assets/Graphics/cfxr stretch rectangle ray.png using Guid(6169cfc312e54a94ba501b9c3a5d7357) Importer(815301076,1909f56bfc062723c751e8b465ee728b)  -> (artifact id: 'af6817e37257bd1a56d160c75fec1ac8') in 0.137548 seconds
Number of updated asset objects reloaded before import = 0
Number of asset objects unloaded after import = 2
========================================================================
Received Import Request.
  Time since last request: 2.951592 seconds.
  path: Assets/0. Asset/JMO Assets/Cartoon FX Remaster/CFXR Assets/Graphics/cfxr stretch rectangle ray ab.mat
  artifactKey: Guid(d2e32673805f8974a888782e19aa2bbf) Importer(815301076,1909f56bfc062723c751e8b465ee728b)
Start importing Assets/0. Asset/JMO Assets/Cartoon FX Remaster/CFXR Assets/Graphics/cfxr stretch rectangle ray ab.mat using Guid(d2e32673805f8974a888782e19aa2bbf) Importer(815301076,1909f56bfc062723c751e8b465ee728b)  -> (artifact id: '844823b9218d39c9add062f0eedcd373') in 0.187643 seconds
Number of updated asset objects reloaded before import = 0
Number of asset objects unloaded after import = 2
========================================================================
Received Import Request.
  Time since last request: 101.778847 seconds.
  path: Assets/0. Asset/JMO Assets/Cartoon FX Remaster/CFXR Assets/Meshes/cfxr ring mesh.asset
  artifactKey: Guid(a78b06c58d03f5d4fbb74ba21020241e) Importer(815301076,1909f56bfc062723c751e8b465ee728b)
Start importing Assets/0. Asset/JMO Assets/Cartoon FX Remaster/CFXR Assets/Meshes/cfxr ring mesh.asset using Guid(a78b06c58d03f5d4fbb74ba21020241e) Importer(815301076,1909f56bfc062723c751e8b465ee728b)  -> (artifact id: 'c58b2381d18c56377658bfd221674525') in 0.140211 seconds
Number of updated asset objects reloaded before import = 0
Number of asset objects unloaded after import = 2
========================================================================
Received Import Request.
  Time since last request: 152.600958 seconds.
  path: Assets/0. Asset/SimpleSky/Materials
  artifactKey: Guid(d649527265565564e9130164eca65e91) Importer(815301076,1909f56bfc062723c751e8b465ee728b)
Start importing Assets/0. Asset/SimpleSky/Materials using Guid(d649527265565564e9130164eca65e91) Importer(815301076,1909f56bfc062723c751e8b465ee728b)  -> (artifact id: '97bb1e51abd70ce310f1587dd764c068') in 0.000402 seconds
Number of updated asset objects reloaded before import = 0
Number of asset objects unloaded after import = 0
========================================================================
Received Import Request.
  Time since last request: 6.059241 seconds.
  path: Assets/0. Asset/SimpleSky/ReadMe.txt
  artifactKey: Guid(8948728478b84b14aa4eba204c8c88b7) Importer(815301076,1909f56bfc062723c751e8b465ee728b)
Start importing Assets/0. Asset/SimpleSky/ReadMe.txt using Guid(8948728478b84b14aa4eba204c8c88b7) Importer(815301076,1909f56bfc062723c751e8b465ee728b)  -> (artifact id: 'f6e2876c77923da6f863facd73b841bb') in 0.000859 seconds
Number of updated asset objects reloaded before import = 0
Number of asset objects unloaded after import = 1
========================================================================
Received Import Request.
  Time since last request: 0.384262 seconds.
  path: Assets/0. Asset/SimpleSky/Prefabs
  artifactKey: Guid(51dfc627474c10c4fb05d2796996ef32) Importer(815301076,1909f56bfc062723c751e8b465ee728b)
Start importing Assets/0. Asset/SimpleSky/Prefabs using Guid(51dfc627474c10c4fb05d2796996ef32) Importer(815301076,1909f56bfc062723c751e8b465ee728b)  -> (artifact id: '0ce604c277d146dc4c0ac2146afbbd43') in 0.000399 seconds
Number of updated asset objects reloaded before import = 0
Number of asset objects unloaded after import = 0
========================================================================
Received Import Request.
  Time since last request: 0.744986 seconds.
  path: Assets/0. Asset/SimpleSky/Prefabs/Cloud_02.prefab
  artifactKey: Guid(73ef0b63ffe19f94ab35e4475b345d70) Importer(815301076,1909f56bfc062723c751e8b465ee728b)
Start importing Assets/0. Asset/SimpleSky/Prefabs/Cloud_02.prefab using Guid(73ef0b63ffe19f94ab35e4475b345d70) Importer(815301076,1909f56bfc062723c751e8b465ee728b)  -> (artifact id: 'b1af87a686dc97104553f21ca7e04360') in 0.097652 seconds
Number of updated asset objects reloaded before import = 0
Number of asset objects unloaded after import = 9
========================================================================
Received Import Request.
  Time since last request: 0.310022 seconds.
  path: Assets/0. Asset/SimpleSky/Prefabs/Cloud_01.prefab
  artifactKey: Guid(09062dc0008857b46aaacdb7206f1453) Importer(815301076,1909f56bfc062723c751e8b465ee728b)
Start importing Assets/0. Asset/SimpleSky/Prefabs/Cloud_01.prefab using Guid(09062dc0008857b46aaacdb7206f1453) Importer(815301076,1909f56bfc062723c751e8b465ee728b)  -> (artifact id: '9bc7dcbd25c6c9796b3165eb123d6b10') in 0.006357 seconds
Number of updated asset objects reloaded before import = 0
Number of asset objects unloaded after import = 9
========================================================================
Received Import Request.
  Time since last request: 0.783115 seconds.
  path: Assets/0. Asset/SimpleSky/Prefabs/Cloud_03.prefab
  artifactKey: Guid(2df72ec125264584faa40cb1beef0481) Importer(815301076,1909f56bfc062723c751e8b465ee728b)
Start importing Assets/0. Asset/SimpleSky/Prefabs/Cloud_03.prefab using Guid(2df72ec125264584faa40cb1beef0481) Importer(815301076,1909f56bfc062723c751e8b465ee728b)  -> (artifact id: '8735ffcc46a99503b46c6490b8aab9a7') in 0.006016 seconds
Number of updated asset objects reloaded before import = 0
Number of asset objects unloaded after import = 9
========================================================================
Received Import Request.
  Time since last request: 0.800607 seconds.
  path: Assets/0. Asset/SimpleSky/Prefabs/Cloud_04.prefab
  artifactKey: Guid(420bde364644a314396dc8ed24ee99d6) Importer(815301076,1909f56bfc062723c751e8b465ee728b)
Start importing Assets/0. Asset/SimpleSky/Prefabs/Cloud_04.prefab using Guid(420bde364644a314396dc8ed24ee99d6) Importer(815301076,1909f56bfc062723c751e8b465ee728b)  -> (artifact id: '5c0741c42e9ee7ae1ebbcc2e1a8ec9be') in 0.006099 seconds
Number of updated asset objects reloaded before import = 0
Number of asset objects unloaded after import = 9
========================================================================
Received Import Request.
  Time since last request: 0.222084 seconds.
  path: Assets/0. Asset/SimpleSky/Prefabs/Cloud_05.prefab
  artifactKey: Guid(c37b1ccfbc7ed274eb99f9d40e72c4e6) Importer(815301076,1909f56bfc062723c751e8b465ee728b)
Start importing Assets/0. Asset/SimpleSky/Prefabs/Cloud_05.prefab using Guid(c37b1ccfbc7ed274eb99f9d40e72c4e6) Importer(815301076,1909f56bfc062723c751e8b465ee728b)  -> (artifact id: 'dfb57c30a2cbe01725cc2f5cc8378b01') in 0.006049 seconds
Number of updated asset objects reloaded before import = 0
Number of asset objects unloaded after import = 9
========================================================================
Received Import Request.
  Time since last request: 0.174542 seconds.
  path: Assets/0. Asset/SimpleSky/Prefabs/Cloud_06.prefab
  artifactKey: Guid(c2391e8a6bdf5424194b61e41952a40a) Importer(815301076,1909f56bfc062723c751e8b465ee728b)
Start importing Assets/0. Asset/SimpleSky/Prefabs/Cloud_06.prefab using Guid(c2391e8a6bdf5424194b61e41952a40a) Importer(815301076,1909f56bfc062723c751e8b465ee728b)  -> (artifact id: '60e88fd8851e73bc2b2b2a4995b8b509') in 0.005892 seconds
Number of updated asset objects reloaded before import = 0
Number of asset objects unloaded after import = 9
========================================================================
Received Import Request.
  Time since last request: 0.203068 seconds.
  path: Assets/0. Asset/SimpleSky/Prefabs/SkyDome.prefab
  artifactKey: Guid(d0223f77114284b47a0e8b317e71e4dc) Importer(815301076,1909f56bfc062723c751e8b465ee728b)
Start importing Assets/0. Asset/SimpleSky/Prefabs/SkyDome.prefab using Guid(d0223f77114284b47a0e8b317e71e4dc) Importer(815301076,1909f56bfc062723c751e8b465ee728b)  -> (artifact id: '96557f16894e5ff0c349340802206bdf') in 0.006336 seconds
Number of updated asset objects reloaded before import = 0
Number of asset objects unloaded after import = 28
========================================================================
Received Prepare
Begin MonoManager ReloadAssembly
Symbol file LoadedFromMemory is not a mono symbol file
- Loaded All Assemblies, in  0.473 seconds
Refreshing native plugins compatible for Editor in 3.77 ms, found 2 plugins.
Native extension for Android target not found
Native extension for OSXStandalone target not found
[Package Manager] Server::EnsureServerProcessIsRunning -- launch failed, reason: Unity was launched with the -noUpm command-line argument
[Package Manager] UpmClient::Send -- Unable to send message (not connected to UPM process).
[Package Manager] Cannot connect to Unity Package Manager local server
Mono: successfully reloaded assembly
- Finished resetting the current domain, in  0.854 seconds
Domain Reload Profiling: 1327ms
	BeginReloadAssembly (185ms)
		ExecutionOrderSort (0ms)
		DisableScriptedObjects (6ms)
		BackupInstance (0ms)
		ReleaseScriptingObjects (0ms)
		CreateAndSetChildDomain (58ms)
	RebuildCommonClasses (70ms)
	RebuildNativeTypeToScriptingClass (17ms)
	initialDomainReloadingComplete (27ms)
	LoadAllAssembliesAndSetupDomain (172ms)
		LoadAssemblies (241ms)
		RebuildTransferFunctionScriptingTraits (0ms)
		AnalyzeDomain (24ms)
			TypeCache.Refresh (9ms)
				TypeCache.ScanAssembly (0ms)
			ScanForSourceGeneratedMonoScriptInfo (9ms)
			ResolveRequiredComponents (4ms)
	FinalizeReload (854ms)
		ReleaseScriptCaches (0ms)
		RebuildScriptCaches (0ms)
		SetupLoadedEditorAssemblies (538ms)
			LogAssemblyErrors (0ms)
			InitializePlatformSupportModulesInManaged (24ms)
			SetLoadedEditorAssemblies (3ms)
			RefreshPlugins (0ms)
			BeforeProcessingInitializeOnLoad (48ms)
			ProcessInitializeOnLoadAttributes (285ms)
			ProcessInitializeOnLoadMethodAttributes (177ms)
			AfterProcessingInitializeOnLoad (1ms)
			EditorAssembliesLoaded (0ms)
		ExecutionOrderSort2 (0ms)
		AwakeInstancesAfterBackupRestoration (4ms)
Refreshing native plugins compatible for Editor in 3.19 ms, found 2 plugins.
Preloading 0 native plugins for Editor in 0.00 ms.
Unloading 2508 Unused Serialized files (Serialized files now loaded: 0)
Unloading 53 unused Assets / (45.6 KB). Loaded Objects now: 3014.
Memory consumption went from 125.9 MB to 125.9 MB.
Total: 8.311950 ms (FindLiveObjects: 0.266595 ms CreateObjectMapping: 0.131747 ms MarkObjects: 7.832212 ms  DeleteObjects: 0.080081 ms)

Prepare: number of updated asset objects reloaded= 0
AssetImportParameters requested are different than current active one (requested -> active):
  custom:video-decoder-webm-vp8: 9c59270c3fd7afecdb556c50c9e8de78 -> 
  custom:scripting/monoscript/fileName/PlatformSpawner.cs: e1cfad3187d6763d7bdb51fc68734de6 -> 252f0fb7b57384d6234cc9891fe3803d
  custom:scripting/monoscript/fileName/ScrollingObject.cs: ef1ef518ed4220d0d582eba6985686f5 -> 16943453e0c2bcb257511cf44becd66c
  custom:scripting/monoscript/fileName/CFXR_Demo_Translate.cs: 282d9f9a6ecf0d4a1c6c4f01345e01a1 -> bf3bdd14f5899835d13cb9fe83e767e2
  custom:SearchIndexIgnoredProperties: e643bd26f0fe6173181afceb89e7c659 -> 
  custom:container-demuxer-ogg: 62fdf1f143b41e24485cea50d1cbac27 -> 
  custom:scripting/monoscript/fileName/BackgroundLoop.cs: c748576cf06d0a2dc0890782f1e112a3 -> b77b683d7ee28238f7d907dcbc13649a
  custom:scripting/monoscript/fileName/CFXR_ParticleText.cs: 954edc24969e7d36de6c6a079a85cb98 -> 3f1f97f09f1dd1cf194149bcb9712660
  custom:AudioImporter_EditorPlatform: 3918e3fc78b5a79bad01e8451be0beb8 -> 
  custom:scripting/monoscript/fileName/GameManager.cs: f6182d712e34e20e3202214886862cdb -> 9933fbcc6190e2a9171c2ec8808a053e
  custom:scripting/monoscript/fileName/CFXR_Styles.cs: 0757069e7af3ba4444d0d25cf7f1aee1 -> 14132385ef0a62dc85f08de4f5687ece
  custom:scripting/monoscript/fileName/CFXR_WelcomeScreen.cs: 9c94608da2bdcc5de3ace1327c049746 -> 
  custom:scripting/monoscript/fileName/BloomGraphDrawer.cs: 568ae764c377db66faaeb7833d4bccb3 -> 9600e9f64d67dabab17944976945a2fa
  custom:video-decoder-ogg-theora: a1e56fd34408186e4bbccfd4996cb3dc -> 
  custom:scripting/monoscript/fileName/CFXR_ParticleTextFontAsset.cs: 2c0f5b39375fdb3ffea33678dba0f2b1 -> 997a733798b2c803fc88cc92695e7ca4
  custom:scripting/monoscript/fileName/CFXR_MaterialInspector.cs: 0c5bfea224b575e2646313fc42f2e08d -> 85a99159289e64398275fbc6500bb9a8
  custom:framework-osx-AVFoundation: e770b220cccbd017edd2c1fefb359320 -> 
  custom:scripting/monoscript/fileName/CFXR_ShaderImporter.cs: a566cd0f556f35f05719aac10415b17c -> f0ef3fb7c5ca7b4517f50c44917fac9e
  custom:video-encoder-webm-vp8: eb34c28f22e8b96e1ab97ce403110664 -> 
  custom:scripting/monoscript/fileName/CFXR_Effect.CameraShake.cs: a53f96815da50de15010b1c479bc70cf -> 0cdf409b5aa8d4c25876d72b5c6a3b60
  custom:scripting/monoscript/fileName/Bloom.cs: f2208c314d0170133875ca9a9b688726 -> 3b16b4d33f3d30843d2aa87b6206b4be
  custom:audio-decoder-ogg-vorbis: bf7c407c2cedff20999df2af8eb42d56 -> 
  custom:scripting/monoscript/fileName/PlayerController.cs: 5b090d859ab09be631dc3b0f203f9571 -> d93a52a180fbbe603a59e9aa6da73c83
  custom:scripting/monoscript/fileName/CFXR_Demo.cs: dafb48c744f8f9712e2a19d95bc33b43 -> 2236c91491221800136a918da2fc2861
  custom:CustomObjectIndexerAttribute: 9a22284fe3817be447336de3de66b15e -> 
  custom:scripting/monoscript/fileName/Platform.cs: a4d3d2841baff711e964d71b1e8784de -> 7e5af7a54829a12433f8680a467b9d93
  custom:container-demuxer-webm: 4f35f7cbe854078d1ac9338744f61a02 -> 
  custom:scripting/monoscript/fileName/CFXR_ShaderPostProcessor.cs: 8c6e989bfa7de8931452a3b2acaa3404 -> eee4c4410265e19bfd8b3e2c4c5b2a2d
  custom:scripting/monoscript/fileName/BloomEditor.cs: c4397c906d0b1ab144602495c41137c2 -> 89e0e0bc60c6236a30fe9f86121d654c
  custom:scripting/monoscript/fileName/CFXR_EmissionBySurface.cs: ace1fbedccc09febe364c5088d60b3b3 -> 6294a85dd8a1718740abd2427d3ed0fe
  custom:scripting/monoscript/fileName/CFXR_Demo_Rotate.cs: fcad54cf80c113a8573a07edd452f948 -> 558719a58b028e94222b368a7326d6e9
  custom:audio-encoder-webm-vorbis: bf7c407c2cedff20999df2af8eb42d56 -> 
  custom:scripting/monoscript/fileName/CFXR_ExpressionParser.cs: f9b5276a4e540080f15d5067545c3777 -> 215820334dc899aa183f0061c3ffd288
  custom:container-muxer-webm: aa71ff27fc2769a1b78a27578f13a17b -> 
========================================================================
Received Import Request.
  Time since last request: 63.255494 seconds.
  path: Assets/0. Asset/Bolt 2D JellyFarm VE2
  artifactKey: Guid(1df08d455c03445a581a8abb17588d7f) Importer(815301076,1909f56bfc062723c751e8b465ee728b)
Start importing Assets/0. Asset/Bolt 2D JellyFarm VE2 using Guid(1df08d455c03445a581a8abb17588d7f) Importer(815301076,1909f56bfc062723c751e8b465ee728b)  -> (artifact id: 'b8d2d38fc3f430b618bcae1dd8885e6f') in 0.001696 seconds
Number of updated asset objects reloaded before import = 0
Number of asset objects unloaded after import = 0
========================================================================
Received Prepare
Begin MonoManager ReloadAssembly
Symbol file LoadedFromMemory is not a mono symbol file
- Loaded All Assemblies, in  0.395 seconds
Refreshing native plugins compatible for Editor in 3.54 ms, found 2 plugins.
Native extension for Android target not found
Native extension for OSXStandalone target not found
[Package Manager] Server::EnsureServerProcessIsRunning -- launch failed, reason: Unity was launched with the -noUpm command-line argument
[Package Manager] UpmClient::Send -- Unable to send message (not connected to UPM process).
[Package Manager] Cannot connect to Unity Package Manager local server
Mono: successfully reloaded assembly
- Finished resetting the current domain, in  0.858 seconds
Domain Reload Profiling: 1253ms
	BeginReloadAssembly (148ms)
		ExecutionOrderSort (0ms)
		DisableScriptedObjects (6ms)
		BackupInstance (0ms)
		ReleaseScriptingObjects (0ms)
		CreateAndSetChildDomain (52ms)
	RebuildCommonClasses (44ms)
	RebuildNativeTypeToScriptingClass (15ms)
	initialDomainReloadingComplete (25ms)
	LoadAllAssembliesAndSetupDomain (162ms)
		LoadAssemblies (197ms)
		RebuildTransferFunctionScriptingTraits (0ms)
		AnalyzeDomain (25ms)
			TypeCache.Refresh (10ms)
				TypeCache.ScanAssembly (0ms)
			ScanForSourceGeneratedMonoScriptInfo (9ms)
			ResolveRequiredComponents (4ms)
	FinalizeReload (859ms)
		ReleaseScriptCaches (0ms)
		RebuildScriptCaches (0ms)
		SetupLoadedEditorAssemblies (536ms)
			LogAssemblyErrors (0ms)
			InitializePlatformSupportModulesInManaged (24ms)
			SetLoadedEditorAssemblies (4ms)
			RefreshPlugins (0ms)
			BeforeProcessingInitializeOnLoad (49ms)
			ProcessInitializeOnLoadAttributes (288ms)
			ProcessInitializeOnLoadMethodAttributes (171ms)
			AfterProcessingInitializeOnLoad (1ms)
			EditorAssembliesLoaded (0ms)
		ExecutionOrderSort2 (0ms)
		AwakeInstancesAfterBackupRestoration (4ms)
Refreshing native plugins compatible for Editor in 3.89 ms, found 2 plugins.
Preloading 0 native plugins for Editor in 0.00 ms.
Unloading 2508 Unused Serialized files (Serialized files now loaded: 0)
Unloading 53 unused Assets / (45.6 KB). Loaded Objects now: 3017.
Memory consumption went from 131.6 MB to 131.6 MB.
Total: 8.139728 ms (FindLiveObjects: 0.248937 ms CreateObjectMapping: 0.132340 ms MarkObjects: 7.679152 ms  DeleteObjects: 0.078389 ms)

Prepare: number of updated asset objects reloaded= 0
AssetImportParameters requested are different than current active one (requested -> active):
  custom:video-decoder-webm-vp8: 9c59270c3fd7afecdb556c50c9e8de78 -> 
  custom:scripting/monoscript/fileName/PlatformSpawner.cs: e1cfad3187d6763d7bdb51fc68734de6 -> 252f0fb7b57384d6234cc9891fe3803d
  custom:scripting/monoscript/fileName/ScrollingObject.cs: ef1ef518ed4220d0d582eba6985686f5 -> 16943453e0c2bcb257511cf44becd66c
  custom:scripting/monoscript/fileName/CFXR_Demo_Translate.cs: 282d9f9a6ecf0d4a1c6c4f01345e01a1 -> bf3bdd14f5899835d13cb9fe83e767e2
  custom:SearchIndexIgnoredProperties: e643bd26f0fe6173181afceb89e7c659 -> 
  custom:container-demuxer-ogg: 62fdf1f143b41e24485cea50d1cbac27 -> 
  custom:scripting/monoscript/fileName/BackgroundLoop.cs: c748576cf06d0a2dc0890782f1e112a3 -> b77b683d7ee28238f7d907dcbc13649a
  custom:scripting/monoscript/fileName/CFXR_ParticleText.cs: 954edc24969e7d36de6c6a079a85cb98 -> 3f1f97f09f1dd1cf194149bcb9712660
  custom:AudioImporter_EditorPlatform: 3918e3fc78b5a79bad01e8451be0beb8 -> 
  custom:scripting/monoscript/fileName/GameManager.cs: f6182d712e34e20e3202214886862cdb -> 9933fbcc6190e2a9171c2ec8808a053e
  custom:scripting/monoscript/fileName/CFXR_Styles.cs: 0757069e7af3ba4444d0d25cf7f1aee1 -> 14132385ef0a62dc85f08de4f5687ece
  custom:scripting/monoscript/fileName/CFXR_WelcomeScreen.cs: 9c94608da2bdcc5de3ace1327c049746 -> 
  custom:scripting/monoscript/fileName/BloomGraphDrawer.cs: 568ae764c377db66faaeb7833d4bccb3 -> 9600e9f64d67dabab17944976945a2fa
  custom:video-decoder-ogg-theora: a1e56fd34408186e4bbccfd4996cb3dc -> 
  custom:scripting/monoscript/fileName/CFXR_ParticleTextFontAsset.cs: 2c0f5b39375fdb3ffea33678dba0f2b1 -> 997a733798b2c803fc88cc92695e7ca4
  custom:scripting/monoscript/fileName/CFXR_MaterialInspector.cs: 0c5bfea224b575e2646313fc42f2e08d -> 85a99159289e64398275fbc6500bb9a8
  custom:framework-osx-AVFoundation: e770b220cccbd017edd2c1fefb359320 -> 
  custom:scripting/monoscript/fileName/CFXR_ShaderImporter.cs: a566cd0f556f35f05719aac10415b17c -> f0ef3fb7c5ca7b4517f50c44917fac9e
  custom:video-encoder-webm-vp8: eb34c28f22e8b96e1ab97ce403110664 -> 
  custom:scripting/monoscript/fileName/CFXR_Effect.CameraShake.cs: a53f96815da50de15010b1c479bc70cf -> 0cdf409b5aa8d4c25876d72b5c6a3b60
  custom:scripting/monoscript/fileName/Bloom.cs: f2208c314d0170133875ca9a9b688726 -> 3b16b4d33f3d30843d2aa87b6206b4be
  custom:audio-decoder-ogg-vorbis: bf7c407c2cedff20999df2af8eb42d56 -> 
  custom:scripting/monoscript/fileName/PlayerController.cs: 5b090d859ab09be631dc3b0f203f9571 -> d93a52a180fbbe603a59e9aa6da73c83
  custom:scripting/monoscript/fileName/CFXR_Demo.cs: dafb48c744f8f9712e2a19d95bc33b43 -> 2236c91491221800136a918da2fc2861
  custom:CustomObjectIndexerAttribute: 9a22284fe3817be447336de3de66b15e -> 
  custom:scripting/monoscript/fileName/Platform.cs: a4d3d2841baff711e964d71b1e8784de -> 7e5af7a54829a12433f8680a467b9d93
  custom:container-demuxer-webm: 4f35f7cbe854078d1ac9338744f61a02 -> 
  custom:scripting/monoscript/fileName/CFXR_ShaderPostProcessor.cs: 8c6e989bfa7de8931452a3b2acaa3404 -> eee4c4410265e19bfd8b3e2c4c5b2a2d
  custom:scripting/monoscript/fileName/BloomEditor.cs: c4397c906d0b1ab144602495c41137c2 -> 89e0e0bc60c6236a30fe9f86121d654c
  custom:scripting/monoscript/fileName/CFXR_EmissionBySurface.cs: ace1fbedccc09febe364c5088d60b3b3 -> 6294a85dd8a1718740abd2427d3ed0fe
  custom:scripting/monoscript/fileName/CFXR_Demo_Rotate.cs: fcad54cf80c113a8573a07edd452f948 -> 558719a58b028e94222b368a7326d6e9
  custom:audio-encoder-webm-vorbis: bf7c407c2cedff20999df2af8eb42d56 -> 
  custom:scripting/monoscript/fileName/CFXR_ExpressionParser.cs: f9b5276a4e540080f15d5067545c3777 -> 215820334dc899aa183f0061c3ffd288
  custom:container-muxer-webm: aa71ff27fc2769a1b78a27578f13a17b -> 
========================================================================
Received Import Request.
  Time since last request: 8.185146 seconds.
  path: Assets/0. Asset/Bolt 2D JellyFarm VE2/ReadMe
  artifactKey: Guid(0881af60f74d1154184c0cbe59d914f1) Importer(815301076,1909f56bfc062723c751e8b465ee728b)
Start importing Assets/0. Asset/Bolt 2D JellyFarm VE2/ReadMe using Guid(0881af60f74d1154184c0cbe59d914f1) Importer(815301076,1909f56bfc062723c751e8b465ee728b)  -> (artifact id: '8dbf2777090a25c404ce1dd1b455f491') in 0.001605 seconds
Number of updated asset objects reloaded before import = 0
Number of asset objects unloaded after import = 0
========================================================================
Received Import Request.
  Time since last request: 0.539182 seconds.
  path: Assets/0. Asset/Bolt 2D JellyFarm VE2/Sprites
  artifactKey: Guid(350932cf8d63c3749888c39ec9766d78) Importer(815301076,1909f56bfc062723c751e8b465ee728b)
Start importing Assets/0. Asset/Bolt 2D JellyFarm VE2/Sprites using Guid(350932cf8d63c3749888c39ec9766d78) Importer(815301076,1909f56bfc062723c751e8b465ee728b)  -> (artifact id: 'd649237edaf905a81d83a57b79a090ea') in 0.000376 seconds
Number of updated asset objects reloaded before import = 0
Number of asset objects unloaded after import = 0
========================================================================
Received Import Request.
  Time since last request: 10.369025 seconds.
  path: Assets/0. Asset/Bolt 2D JellyFarm VE2/Demo
  artifactKey: Guid(0b22c626f8ff5ac47bb6b7aee77746bd) Importer(815301076,1909f56bfc062723c751e8b465ee728b)
Start importing Assets/0. Asset/Bolt 2D JellyFarm VE2/Demo using Guid(0b22c626f8ff5ac47bb6b7aee77746bd) Importer(815301076,1909f56bfc062723c751e8b465ee728b)  -> (artifact id: '6814b925894349433317323d236952c9') in 0.000387 seconds
Number of updated asset objects reloaded before import = 0
Number of asset objects unloaded after import = 0
========================================================================
Received Import Request.
  Time since last request: 2.866227 seconds.
  path: Assets/0. Asset/Bolt 2D JellyFarm VE2/Sprites/InGame
  artifactKey: Guid(8a324cc9b1aa54549bff795a555f4b6a) Importer(815301076,1909f56bfc062723c751e8b465ee728b)
Start importing Assets/0. Asset/Bolt 2D JellyFarm VE2/Sprites/InGame using Guid(8a324cc9b1aa54549bff795a555f4b6a) Importer(815301076,1909f56bfc062723c751e8b465ee728b)  -> (artifact id: '3a88d2f297282f6ca4e687567d1243b1') in 0.000380 seconds
Number of updated asset objects reloaded before import = 0
Number of asset objects unloaded after import = 0
========================================================================
Received Import Request.
  Time since last request: 0.656244 seconds.
  path: Assets/0. Asset/Bolt 2D JellyFarm VE2/Sprites/UI
  artifactKey: Guid(9206425fd46913f4d94e20dafc325d61) Importer(815301076,1909f56bfc062723c751e8b465ee728b)
Start importing Assets/0. Asset/Bolt 2D JellyFarm VE2/Sprites/UI using Guid(9206425fd46913f4d94e20dafc325d61) Importer(815301076,1909f56bfc062723c751e8b465ee728b)  -> (artifact id: '11d55044433dd489a993c9c48dfc8870') in 0.000386 seconds
Number of updated asset objects reloaded before import = 0
Number of asset objects unloaded after import = 0
========================================================================
Received Import Request.
  Time since last request: 9.157925 seconds.
  path: Assets/0. Asset/Bolt 2D JellyFarm VE2/Sprites/InGame/Jelly 9.png
  artifactKey: Guid(d78e009f5bb799b42bbf3c801af824ac) Importer(815301076,1909f56bfc062723c751e8b465ee728b)
Start importing Assets/0. Asset/Bolt 2D JellyFarm VE2/Sprites/InGame/Jelly 9.png using Guid(d78e009f5bb799b42bbf3c801af824ac) Importer(815301076,1909f56bfc062723c751e8b465ee728b)  -> (artifact id: 'd2c4f09a54e0781e6d5665197b1121df') in 0.075427 seconds
Number of updated asset objects reloaded before import = 0
Number of asset objects unloaded after import = 3
========================================================================
Received Import Request.
  Time since last request: 0.285560 seconds.
  path: Assets/0. Asset/Bolt 2D JellyFarm VE2/Sprites/InGame/Jelly 8.png
  artifactKey: Guid(96481b76a6fa9c6428e4e4b1522e9378) Importer(815301076,1909f56bfc062723c751e8b465ee728b)
Start importing Assets/0. Asset/Bolt 2D JellyFarm VE2/Sprites/InGame/Jelly 8.png using Guid(96481b76a6fa9c6428e4e4b1522e9378) Importer(815301076,1909f56bfc062723c751e8b465ee728b)  -> (artifact id: '2bf2d9ff42aaf6674d20a13cec4f1781') in 0.006609 seconds
Number of updated asset objects reloaded before import = 0
Number of asset objects unloaded after import = 3
