Unity Editor version:    2022.3.30f1 (70558241b701)
Branch:                  2022.3/staging
Build type:              Release
Batch mode:              YES
macOS version:           Version 14.5 (Build 23F79)
Darwin version:          23.5.0
Architecture:            x86_64
Running under Rosetta:   NO
Available memory:        49152 MB
Using pre-set license
Pro License: YES

COMMAND LINE ARGUMENTS:
/Applications/Unity/Hub/Editor/2022.3.30f1/Unity.app/Contents/MacOS/Unity
-adb2
-batchMode
-noUpm
-name
AssetImportWorker2
-projectPath
/Users/mr68/Desktop/unity/Uni-Run
-logFile
Logs/AssetImportWorker2.log
-srvPort
53334
Successfully changed project path to: /Users/mr68/Desktop/unity/Uni-Run
/Users/mr68/Desktop/unity/Uni-Run
[UnityMemory] Configuration Parameters - Can be set up in boot.config
    "memorysetup-bucket-allocator-granularity=16"
    "memorysetup-bucket-allocator-bucket-count=8"
    "memorysetup-bucket-allocator-block-size=33554432"
    "memorysetup-bucket-allocator-block-count=8"
    "memorysetup-main-allocator-block-size=16777216"
    "memorysetup-thread-allocator-block-size=16777216"
    "memorysetup-gfx-main-allocator-block-size=16777216"
    "memorysetup-gfx-thread-allocator-block-size=16777216"
    "memorysetup-cache-allocator-block-size=4194304"
    "memorysetup-typetree-allocator-block-size=2097152"
    "memorysetup-profiler-bucket-allocator-granularity=16"
    "memorysetup-profiler-bucket-allocator-bucket-count=8"
    "memorysetup-profiler-bucket-allocator-block-size=33554432"
    "memorysetup-profiler-bucket-allocator-block-count=8"
    "memorysetup-profiler-allocator-block-size=16777216"
    "memorysetup-profiler-editor-allocator-block-size=1048576"
    "memorysetup-temp-allocator-size-main=16777216"
    "memorysetup-job-temp-allocator-block-size=2097152"
    "memorysetup-job-temp-allocator-block-size-background=1048576"
    "memorysetup-job-temp-allocator-reduction-small-platforms=262144"
    "memorysetup-allocator-temp-initial-block-size-main=262144"
    "memorysetup-allocator-temp-initial-block-size-worker=262144"
    "memorysetup-temp-allocator-size-background-worker=32768"
    "memorysetup-temp-allocator-size-job-worker=262144"
    "memorysetup-temp-allocator-size-preload-manager=33554432"
    "memorysetup-temp-allocator-size-nav-mesh-worker=65536"
    "memorysetup-temp-allocator-size-audio-worker=65536"
    "memorysetup-temp-allocator-size-cloud-worker=32768"
    "memorysetup-temp-allocator-size-gi-baking-worker=262144"
    "memorysetup-temp-allocator-size-gfx=262144"
Player connection [140704682278848] Host "[IP] 192.168.1.68 [Port] 0 [Flags] 2 [Guid] 3043391007 [EditorId] 3043391007 [Version] 1048832 [Id] OSXEditor(0,MR68ui-MacPro.local) [Debug] 1 [PackageName] OSXEditor [ProjectName] Editor" joined multi-casting on [225.0.0.222:54997]...

Player connection [140704682278848] Host "[IP] 192.168.1.68 [Port] 0 [Flags] 2 [Guid] 3043391007 [EditorId] 3043391007 [Version] 1048832 [Id] OSXEditor(0,MR68ui-MacPro.local) [Debug] 1 [PackageName] OSXEditor [ProjectName] Editor" joined alternative multi-casting on [225.0.0.222:34997]...

[Physics::Module] Initialized MultithreadedJobDispatcher with 15 workers.
Refreshing native plugins compatible for Editor in 6.91 ms, found 2 plugins.
Preloading 0 native plugins for Editor in 0.00 ms.
Initialize engine version: 2022.3.30f1 (70558241b701)
[Subsystems] Discovering subsystems at path /Applications/Unity/Hub/Editor/2022.3.30f1/Unity.app/Contents/Resources/UnitySubsystems
[Subsystems] Discovering subsystems at path /Users/mr68/Desktop/unity/Uni-Run/Assets
GfxDevice: creating device client; threaded=0; jobified=0
LG UltraFine preferred device: AMD Radeon Pro W5700X (high power)
Metal devices available: 1
0: AMD Radeon Pro W5700X (high power)
Using device AMD Radeon Pro W5700X (high power)
Initializing Metal device caps: AMD Radeon Pro W5700X
Initialize mono
Mono path[0] = '/Applications/Unity/Hub/Editor/2022.3.30f1/Unity.app/Contents/Managed'
Mono path[1] = '/Applications/Unity/Hub/Editor/2022.3.30f1/Unity.app/Contents/MonoBleedingEdge/lib/mono/unityjit-macos'
Mono config path = '/Applications/Unity/Hub/Editor/2022.3.30f1/Unity.app/Contents/MonoBleedingEdge/etc'
Using monoOptions --debugger-agent=transport=dt_socket,embedding=1,server=y,suspend=n,address=127.0.0.1:56917
Begin MonoManager ReloadAssembly
Registering precompiled unity dll's ...
Register platform support module: /Applications/Unity/Hub/Editor/2022.3.30f1/Unity.app/Contents/PlaybackEngines/MacStandaloneSupport/UnityEditor.OSXStandalone.Extensions.dll
Register platform support module: /Applications/Unity/Hub/Editor/2022.3.30f1/PlaybackEngines/AndroidPlayer/UnityEditor.Android.Extensions.dll
Registered in 0.001925 seconds.
- Loaded All Assemblies, in  0.422 seconds
Native extension for Android target not found
Android Extension - Scanning For ADB Devices 129 ms
Native extension for OSXStandalone target not found
Mono: successfully reloaded assembly
- Finished resetting the current domain, in  0.515 seconds
Domain Reload Profiling: 942ms
	BeginReloadAssembly (102ms)
		ExecutionOrderSort (0ms)
		DisableScriptedObjects (0ms)
		BackupInstance (0ms)
		ReleaseScriptingObjects (0ms)
		CreateAndSetChildDomain (1ms)
	RebuildCommonClasses (48ms)
	RebuildNativeTypeToScriptingClass (16ms)
	initialDomainReloadingComplete (57ms)
	LoadAllAssembliesAndSetupDomain (203ms)
		LoadAssemblies (102ms)
		RebuildTransferFunctionScriptingTraits (0ms)
		AnalyzeDomain (196ms)
			TypeCache.Refresh (194ms)
				TypeCache.ScanAssembly (176ms)
			ScanForSourceGeneratedMonoScriptInfo (0ms)
			ResolveRequiredComponents (1ms)
	FinalizeReload (516ms)
		ReleaseScriptCaches (0ms)
		RebuildScriptCaches (0ms)
		SetupLoadedEditorAssemblies (445ms)
			LogAssemblyErrors (0ms)
			InitializePlatformSupportModulesInManaged (261ms)
			SetLoadedEditorAssemblies (4ms)
			RefreshPlugins (0ms)
			BeforeProcessingInitializeOnLoad (3ms)
			ProcessInitializeOnLoadAttributes (129ms)
			ProcessInitializeOnLoadMethodAttributes (49ms)
			AfterProcessingInitializeOnLoad (0ms)
			EditorAssembliesLoaded (0ms)
		ExecutionOrderSort2 (0ms)
		AwakeInstancesAfterBackupRestoration (0ms)
========================================================================
Worker process is ready to serve import requests
Begin MonoManager ReloadAssembly
Symbol file LoadedFromMemory is not a mono symbol file
- Loaded All Assemblies, in  0.643 seconds
Refreshing native plugins compatible for Editor in 3.44 ms, found 2 plugins.
Native extension for Android target not found
Native extension for OSXStandalone target not found
Package Manager log level set to [2]
[Package Manager] Server::EnsureServerProcessIsRunning -- launch failed, reason: Unity was launched with the -noUpm command-line argument
[Package Manager] UpmClient::Send -- Unable to send message (not connected to UPM process).
[Package Manager] Cannot connect to Unity Package Manager local server
Mono: successfully reloaded assembly
- Finished resetting the current domain, in  0.778 seconds
Domain Reload Profiling: 1422ms
	BeginReloadAssembly (163ms)
		ExecutionOrderSort (0ms)
		DisableScriptedObjects (6ms)
		BackupInstance (0ms)
		ReleaseScriptingObjects (0ms)
		CreateAndSetChildDomain (40ms)
	RebuildCommonClasses (47ms)
	RebuildNativeTypeToScriptingClass (15ms)
	initialDomainReloadingComplete (48ms)
	LoadAllAssembliesAndSetupDomain (370ms)
		LoadAssemblies (278ms)
		RebuildTransferFunctionScriptingTraits (0ms)
		AnalyzeDomain (170ms)
			TypeCache.Refresh (143ms)
				TypeCache.ScanAssembly (120ms)
			ScanForSourceGeneratedMonoScriptInfo (21ms)
			ResolveRequiredComponents (4ms)
	FinalizeReload (779ms)
		ReleaseScriptCaches (0ms)
		RebuildScriptCaches (0ms)
		SetupLoadedEditorAssemblies (582ms)
			LogAssemblyErrors (0ms)
			InitializePlatformSupportModulesInManaged (26ms)
			SetLoadedEditorAssemblies (4ms)
			RefreshPlugins (0ms)
			BeforeProcessingInitializeOnLoad (52ms)
			ProcessInitializeOnLoadAttributes (316ms)
			ProcessInitializeOnLoadMethodAttributes (182ms)
			AfterProcessingInitializeOnLoad (1ms)
			EditorAssembliesLoaded (0ms)
		ExecutionOrderSort2 (0ms)
		AwakeInstancesAfterBackupRestoration (5ms)
Launching external process: /Applications/Unity/Hub/Editor/2022.3.30f1/Unity.app/Contents/Tools/UnityShaderCompiler
Launched and connected shader compiler UnityShaderCompiler after 0.07 seconds
Refreshing native plugins compatible for Editor in 3.37 ms, found 2 plugins.
Preloading 0 native plugins for Editor in 0.00 ms.
Unloading 2519 Unused Serialized files (Serialized files now loaded: 0)
Unloading 64 unused Assets / (62.7 KB). Loaded Objects now: 2962.
Memory consumption went from 121.2 MB to 121.1 MB.
Total: 9.648443 ms (FindLiveObjects: 0.352096 ms CreateObjectMapping: 0.258066 ms MarkObjects: 8.862246 ms  DeleteObjects: 0.174503 ms)

AssetImportParameters requested are different than current active one (requested -> active):
  custom:video-decoder-webm-vp8: 9c59270c3fd7afecdb556c50c9e8de78 -> 
  custom:scripting/monoscript/fileName/PlatformSpawner.cs: e1cfad3187d6763d7bdb51fc68734de6 -> 252f0fb7b57384d6234cc9891fe3803d
  custom:scripting/monoscript/fileName/ScrollingObject.cs: ef1ef518ed4220d0d582eba6985686f5 -> 16943453e0c2bcb257511cf44becd66c
  custom:scripting/monoscript/fileName/CFXR_Demo_Translate.cs: 282d9f9a6ecf0d4a1c6c4f01345e01a1 -> bf3bdd14f5899835d13cb9fe83e767e2
  custom:SearchIndexIgnoredProperties: e643bd26f0fe6173181afceb89e7c659 -> 
  custom:container-demuxer-ogg: 62fdf1f143b41e24485cea50d1cbac27 -> 
  custom:scripting/monoscript/fileName/BackgroundLoop.cs: c748576cf06d0a2dc0890782f1e112a3 -> b77b683d7ee28238f7d907dcbc13649a
  custom:scripting/monoscript/fileName/CFXR_ParticleText.cs: 954edc24969e7d36de6c6a079a85cb98 -> 3f1f97f09f1dd1cf194149bcb9712660
  custom:AudioImporter_EditorPlatform: 3918e3fc78b5a79bad01e8451be0beb8 -> 
  custom:scripting/monoscript/fileName/GameManager.cs: f6182d712e34e20e3202214886862cdb -> 9933fbcc6190e2a9171c2ec8808a053e
  custom:scripting/monoscript/fileName/CFXR_Styles.cs: 0757069e7af3ba4444d0d25cf7f1aee1 -> 14132385ef0a62dc85f08de4f5687ece
  custom:scripting/monoscript/fileName/CFXR_WelcomeScreen.cs: 9c94608da2bdcc5de3ace1327c049746 -> 
  custom:scripting/monoscript/fileName/BloomGraphDrawer.cs: 568ae764c377db66faaeb7833d4bccb3 -> 9600e9f64d67dabab17944976945a2fa
  custom:video-decoder-ogg-theora: a1e56fd34408186e4bbccfd4996cb3dc -> 
  custom:scripting/monoscript/fileName/CFXR_ParticleTextFontAsset.cs: 2c0f5b39375fdb3ffea33678dba0f2b1 -> 997a733798b2c803fc88cc92695e7ca4
  custom:scripting/monoscript/fileName/CFXR_MaterialInspector.cs: 0c5bfea224b575e2646313fc42f2e08d -> 85a99159289e64398275fbc6500bb9a8
  custom:framework-osx-AVFoundation: e770b220cccbd017edd2c1fefb359320 -> 
  custom:scripting/monoscript/fileName/CFXR_ShaderImporter.cs: a566cd0f556f35f05719aac10415b17c -> f0ef3fb7c5ca7b4517f50c44917fac9e
  custom:video-encoder-webm-vp8: eb34c28f22e8b96e1ab97ce403110664 -> 
  custom:scripting/monoscript/fileName/CFXR_Effect.CameraShake.cs: a53f96815da50de15010b1c479bc70cf -> 0cdf409b5aa8d4c25876d72b5c6a3b60
  custom:scripting/monoscript/fileName/Bloom.cs: f2208c314d0170133875ca9a9b688726 -> 3b16b4d33f3d30843d2aa87b6206b4be
  custom:audio-decoder-ogg-vorbis: bf7c407c2cedff20999df2af8eb42d56 -> 
  custom:scripting/monoscript/fileName/PlayerController.cs: 5b090d859ab09be631dc3b0f203f9571 -> d93a52a180fbbe603a59e9aa6da73c83
  custom:scripting/monoscript/fileName/CFXR_Demo.cs: dafb48c744f8f9712e2a19d95bc33b43 -> 2236c91491221800136a918da2fc2861
  custom:CustomObjectIndexerAttribute: 9a22284fe3817be447336de3de66b15e -> 
  custom:scripting/monoscript/fileName/Platform.cs: a4d3d2841baff711e964d71b1e8784de -> 7e5af7a54829a12433f8680a467b9d93
  custom:container-demuxer-webm: 4f35f7cbe854078d1ac9338744f61a02 -> 
  custom:scripting/monoscript/fileName/CFXR_ShaderPostProcessor.cs: 8c6e989bfa7de8931452a3b2acaa3404 -> eee4c4410265e19bfd8b3e2c4c5b2a2d
  custom:scripting/monoscript/fileName/BloomEditor.cs: c4397c906d0b1ab144602495c41137c2 -> 89e0e0bc60c6236a30fe9f86121d654c
  custom:scripting/monoscript/fileName/CFXR_EmissionBySurface.cs: ace1fbedccc09febe364c5088d60b3b3 -> 6294a85dd8a1718740abd2427d3ed0fe
  custom:scripting/monoscript/fileName/CFXR_Demo_Rotate.cs: fcad54cf80c113a8573a07edd452f948 -> 558719a58b028e94222b368a7326d6e9
  custom:audio-encoder-webm-vorbis: bf7c407c2cedff20999df2af8eb42d56 -> 
  custom:scripting/monoscript/fileName/CFXR_ExpressionParser.cs: f9b5276a4e540080f15d5067545c3777 -> 215820334dc899aa183f0061c3ffd288
  custom:container-muxer-webm: aa71ff27fc2769a1b78a27578f13a17b -> 
========================================================================
Received Import Request.
  Time since last request: 22907.067549 seconds.
  path: Assets/2. Scripts/BackgroundLoop.cs
  artifactKey: Guid(ad1460fb9aea94c0398043cfb654e4a9) Importer(815301076,1909f56bfc062723c751e8b465ee728b)
Start importing Assets/2. Scripts/BackgroundLoop.cs using Guid(ad1460fb9aea94c0398043cfb654e4a9) Importer(815301076,1909f56bfc062723c751e8b465ee728b)  -> (artifact id: 'fb9461430a88fd981f7234993e270c9c') in 0.001885 seconds
Number of updated asset objects reloaded before import = 0
Number of asset objects unloaded after import = 0
========================================================================
Received Prepare
Begin MonoManager ReloadAssembly
Symbol file LoadedFromMemory is not a mono symbol file
- Loaded All Assemblies, in  0.405 seconds
Refreshing native plugins compatible for Editor in 3.36 ms, found 2 plugins.
Native extension for Android target not found
Native extension for OSXStandalone target not found
[Package Manager] Server::EnsureServerProcessIsRunning -- launch failed, reason: Unity was launched with the -noUpm command-line argument
[Package Manager] UpmClient::Send -- Unable to send message (not connected to UPM process).
[Package Manager] Cannot connect to Unity Package Manager local server
Mono: successfully reloaded assembly
- Finished resetting the current domain, in  0.835 seconds
Domain Reload Profiling: 1240ms
	BeginReloadAssembly (155ms)
		ExecutionOrderSort (0ms)
		DisableScriptedObjects (6ms)
		BackupInstance (0ms)
		ReleaseScriptingObjects (0ms)
		CreateAndSetChildDomain (54ms)
	RebuildCommonClasses (43ms)
	RebuildNativeTypeToScriptingClass (15ms)
	initialDomainReloadingComplete (26ms)
	LoadAllAssembliesAndSetupDomain (165ms)
		LoadAssemblies (208ms)
		RebuildTransferFunctionScriptingTraits (0ms)
		AnalyzeDomain (23ms)
			TypeCache.Refresh (9ms)
				TypeCache.ScanAssembly (0ms)
			ScanForSourceGeneratedMonoScriptInfo (9ms)
			ResolveRequiredComponents (4ms)
	FinalizeReload (835ms)
		ReleaseScriptCaches (0ms)
		RebuildScriptCaches (0ms)
		SetupLoadedEditorAssemblies (544ms)
			LogAssemblyErrors (0ms)
			InitializePlatformSupportModulesInManaged (24ms)
			SetLoadedEditorAssemblies (4ms)
			RefreshPlugins (0ms)
			BeforeProcessingInitializeOnLoad (48ms)
			ProcessInitializeOnLoadAttributes (293ms)
			ProcessInitializeOnLoadMethodAttributes (174ms)
			AfterProcessingInitializeOnLoad (1ms)
			EditorAssembliesLoaded (0ms)
		ExecutionOrderSort2 (0ms)
		AwakeInstancesAfterBackupRestoration (5ms)
Refreshing native plugins compatible for Editor in 3.25 ms, found 2 plugins.
Preloading 0 native plugins for Editor in 0.00 ms.
Unloading 2506 Unused Serialized files (Serialized files now loaded: 0)
Unloading 53 unused Assets / (45.5 KB). Loaded Objects now: 2965.
Memory consumption went from 123.8 MB to 123.8 MB.
Total: 8.305551 ms (FindLiveObjects: 0.254705 ms CreateObjectMapping: 0.132064 ms MarkObjects: 7.839984 ms  DeleteObjects: 0.077386 ms)

Prepare: number of updated asset objects reloaded= 0
AssetImportParameters requested are different than current active one (requested -> active):
  custom:video-decoder-webm-vp8: 9c59270c3fd7afecdb556c50c9e8de78 -> 
  custom:scripting/monoscript/fileName/PlatformSpawner.cs: e1cfad3187d6763d7bdb51fc68734de6 -> 252f0fb7b57384d6234cc9891fe3803d
  custom:scripting/monoscript/fileName/ScrollingObject.cs: ef1ef518ed4220d0d582eba6985686f5 -> 16943453e0c2bcb257511cf44becd66c
  custom:scripting/monoscript/fileName/CFXR_Demo_Translate.cs: 282d9f9a6ecf0d4a1c6c4f01345e01a1 -> bf3bdd14f5899835d13cb9fe83e767e2
  custom:SearchIndexIgnoredProperties: e643bd26f0fe6173181afceb89e7c659 -> 
  custom:container-demuxer-ogg: 62fdf1f143b41e24485cea50d1cbac27 -> 
  custom:scripting/monoscript/fileName/BackgroundLoop.cs: c748576cf06d0a2dc0890782f1e112a3 -> b77b683d7ee28238f7d907dcbc13649a
  custom:scripting/monoscript/fileName/CFXR_ParticleText.cs: 954edc24969e7d36de6c6a079a85cb98 -> 3f1f97f09f1dd1cf194149bcb9712660
  custom:AudioImporter_EditorPlatform: 3918e3fc78b5a79bad01e8451be0beb8 -> 
  custom:scripting/monoscript/fileName/GameManager.cs: f6182d712e34e20e3202214886862cdb -> 9933fbcc6190e2a9171c2ec8808a053e
  custom:scripting/monoscript/fileName/CFXR_Styles.cs: 0757069e7af3ba4444d0d25cf7f1aee1 -> 14132385ef0a62dc85f08de4f5687ece
  custom:scripting/monoscript/fileName/CFXR_WelcomeScreen.cs: 9c94608da2bdcc5de3ace1327c049746 -> 
  custom:scripting/monoscript/fileName/BloomGraphDrawer.cs: 568ae764c377db66faaeb7833d4bccb3 -> 9600e9f64d67dabab17944976945a2fa
  custom:video-decoder-ogg-theora: a1e56fd34408186e4bbccfd4996cb3dc -> 
  custom:scripting/monoscript/fileName/CFXR_ParticleTextFontAsset.cs: 2c0f5b39375fdb3ffea33678dba0f2b1 -> 997a733798b2c803fc88cc92695e7ca4
  custom:scripting/monoscript/fileName/CFXR_MaterialInspector.cs: 0c5bfea224b575e2646313fc42f2e08d -> 85a99159289e64398275fbc6500bb9a8
  custom:framework-osx-AVFoundation: e770b220cccbd017edd2c1fefb359320 -> 
  custom:scripting/monoscript/fileName/CFXR_ShaderImporter.cs: a566cd0f556f35f05719aac10415b17c -> f0ef3fb7c5ca7b4517f50c44917fac9e
  custom:video-encoder-webm-vp8: eb34c28f22e8b96e1ab97ce403110664 -> 
  custom:scripting/monoscript/fileName/CFXR_Effect.CameraShake.cs: a53f96815da50de15010b1c479bc70cf -> 0cdf409b5aa8d4c25876d72b5c6a3b60
  custom:scripting/monoscript/fileName/Bloom.cs: f2208c314d0170133875ca9a9b688726 -> 3b16b4d33f3d30843d2aa87b6206b4be
  custom:audio-decoder-ogg-vorbis: bf7c407c2cedff20999df2af8eb42d56 -> 
  custom:scripting/monoscript/fileName/PlayerController.cs: 5b090d859ab09be631dc3b0f203f9571 -> d93a52a180fbbe603a59e9aa6da73c83
  custom:scripting/monoscript/fileName/CFXR_Demo.cs: dafb48c744f8f9712e2a19d95bc33b43 -> 2236c91491221800136a918da2fc2861
  custom:CustomObjectIndexerAttribute: 9a22284fe3817be447336de3de66b15e -> 
  custom:scripting/monoscript/fileName/Platform.cs: a4d3d2841baff711e964d71b1e8784de -> 7e5af7a54829a12433f8680a467b9d93
  custom:container-demuxer-webm: 4f35f7cbe854078d1ac9338744f61a02 -> 
  custom:scripting/monoscript/fileName/CFXR_ShaderPostProcessor.cs: 8c6e989bfa7de8931452a3b2acaa3404 -> eee4c4410265e19bfd8b3e2c4c5b2a2d
  custom:scripting/monoscript/fileName/BloomEditor.cs: c4397c906d0b1ab144602495c41137c2 -> 89e0e0bc60c6236a30fe9f86121d654c
  custom:scripting/monoscript/fileName/CFXR_EmissionBySurface.cs: ace1fbedccc09febe364c5088d60b3b3 -> 6294a85dd8a1718740abd2427d3ed0fe
  custom:scripting/monoscript/fileName/CFXR_Demo_Rotate.cs: fcad54cf80c113a8573a07edd452f948 -> 558719a58b028e94222b368a7326d6e9
  custom:audio-encoder-webm-vorbis: bf7c407c2cedff20999df2af8eb42d56 -> 
  custom:scripting/monoscript/fileName/CFXR_ExpressionParser.cs: f9b5276a4e540080f15d5067545c3777 -> 215820334dc899aa183f0061c3ffd288
  custom:container-muxer-webm: aa71ff27fc2769a1b78a27578f13a17b -> 
========================================================================
Received Import Request.
  Time since last request: 407.306076 seconds.
  path: Assets/0. Asset/2D Casual backgorund/Sprite/Asset4u_HD.png
  artifactKey: Guid(f6a737996a4a842e58ba28428e71d711) Importer(815301076,1909f56bfc062723c751e8b465ee728b)
Start importing Assets/0. Asset/2D Casual backgorund/Sprite/Asset4u_HD.png using Guid(f6a737996a4a842e58ba28428e71d711) Importer(815301076,1909f56bfc062723c751e8b465ee728b)  -> (artifact id: '6028ec9d7906eb84a0f4b48a2b46b14d') in 0.210057 seconds
Number of updated asset objects reloaded before import = 0
Number of asset objects unloaded after import = 52
========================================================================
Received Import Request.
  Time since last request: 6.919353 seconds.
  path: Assets/0. Asset/2D Casual backgorund/Sprite/Asset4u_HD.png
  artifactKey: Guid(f6a737996a4a842e58ba28428e71d711) Importer(815301076,1909f56bfc062723c751e8b465ee728b)
Start importing Assets/0. Asset/2D Casual backgorund/Sprite/Asset4u_HD.png using Guid(f6a737996a4a842e58ba28428e71d711) Importer(815301076,1909f56bfc062723c751e8b465ee728b)  -> (artifact id: '44913b87e21f9e3f452ca8158357ca61') in 0.137480 seconds
Number of updated asset objects reloaded before import = 0
Number of asset objects unloaded after import = 52
========================================================================
Received Import Request.
  Time since last request: 74.685816 seconds.
  path: Assets/3. Prefabs/Platform.prefab
  artifactKey: Guid(f9fc9d007ca214ed9ad2949a47f59fb5) Importer(815301076,1909f56bfc062723c751e8b465ee728b)
Start importing Assets/3. Prefabs/Platform.prefab using Guid(f9fc9d007ca214ed9ad2949a47f59fb5) Importer(815301076,1909f56bfc062723c751e8b465ee728b)  -> (artifact id: 'ea79929b60c35f31e00649a098c8dc3c') in 0.069241 seconds
Number of updated asset objects reloaded before import = 0
Number of asset objects unloaded after import = 24
========================================================================
Received Import Request.
  Time since last request: 377.571470 seconds.
  path: Assets/3. Prefabs/Platform.prefab
  artifactKey: Guid(f9fc9d007ca214ed9ad2949a47f59fb5) Importer(815301076,1909f56bfc062723c751e8b465ee728b)
Start importing Assets/3. Prefabs/Platform.prefab using Guid(f9fc9d007ca214ed9ad2949a47f59fb5) Importer(815301076,1909f56bfc062723c751e8b465ee728b)  -> (artifact id: '020e43f4d10ccb7c80066551f025c7cc') in 0.008283 seconds
Number of updated asset objects reloaded before import = 0
Number of asset objects unloaded after import = 25
========================================================================
Received Import Request.
  Time since last request: 141.529083 seconds.
  path: Assets/3. Prefabs/Platform.prefab
  artifactKey: Guid(f9fc9d007ca214ed9ad2949a47f59fb5) Importer(815301076,1909f56bfc062723c751e8b465ee728b)
Start importing Assets/3. Prefabs/Platform.prefab using Guid(f9fc9d007ca214ed9ad2949a47f59fb5) Importer(815301076,1909f56bfc062723c751e8b465ee728b)  -> (artifact id: '912b044af68700919c80f15960dee2ae') in 0.007895 seconds
Number of updated asset objects reloaded before import = 0
Number of asset objects unloaded after import = 25
========================================================================
Received Import Request.
  Time since last request: 34.803637 seconds.
  path: Assets/0. Asset/2D Casual backgorund/Original Artwork/casual-bg_HD.psd
  artifactKey: Guid(c57cb5c3b555148e998f01854cb3109c) Importer(815301076,1909f56bfc062723c751e8b465ee728b)
Start importing Assets/0. Asset/2D Casual backgorund/Original Artwork/casual-bg_HD.psd using Guid(c57cb5c3b555148e998f01854cb3109c) Importer(815301076,1909f56bfc062723c751e8b465ee728b)  -> (artifact id: 'c65938c05718c7631a658f26bbc41584') in 0.025043 seconds
Number of updated asset objects reloaded before import = 0
Number of asset objects unloaded after import = 3
========================================================================
Received Import Request.
  Time since last request: 19.615524 seconds.
  path: Assets/0. Asset/JMO Assets/Cartoon FX Remaster/Demo Assets
  artifactKey: Guid(c9737c8fe9e6c324aa8c8ae9355a85ec) Importer(815301076,1909f56bfc062723c751e8b465ee728b)
Start importing Assets/0. Asset/JMO Assets/Cartoon FX Remaster/Demo Assets using Guid(c9737c8fe9e6c324aa8c8ae9355a85ec) Importer(815301076,1909f56bfc062723c751e8b465ee728b)  -> (artifact id: 'ff01fda9234dd970befc9044496e224a') in 0.000541 seconds
Number of updated asset objects reloaded before import = 0
Number of asset objects unloaded after import = 0
========================================================================
Received Import Request.
  Time since last request: 0.102458 seconds.
  path: Assets/0. Asset/JMO Assets/Cartoon FX Remaster/Demo Assets/CFXR Demo.asmdef
  artifactKey: Guid(b16f2517c64fb4c43848850704aba72e) Importer(815301076,1909f56bfc062723c751e8b465ee728b)
Start importing Assets/0. Asset/JMO Assets/Cartoon FX Remaster/Demo Assets/CFXR Demo.asmdef using Guid(b16f2517c64fb4c43848850704aba72e) Importer(815301076,1909f56bfc062723c751e8b465ee728b)  -> (artifact id: 'b6bf3f3faa84c821183849e5eb682fc1') in 0.000394 seconds
Number of updated asset objects reloaded before import = 0
Number of asset objects unloaded after import = 0
========================================================================
Received Import Request.
  Time since last request: 0.000066 seconds.
  path: Assets/0. Asset/JMO Assets/Cartoon FX Remaster/Demo Assets/CFXR Demo Ground.png
  artifactKey: Guid(cacfcc09b4fbf7e4baebb23fbaaff36b) Importer(815301076,1909f56bfc062723c751e8b465ee728b)
Start importing Assets/0. Asset/JMO Assets/Cartoon FX Remaster/Demo Assets/CFXR Demo Ground.png using Guid(cacfcc09b4fbf7e4baebb23fbaaff36b) Importer(815301076,1909f56bfc062723c751e8b465ee728b)  -> (artifact id: 'a52f2069f4aeb2148cb0ee25cd07a2ee') in 0.006231 seconds
Number of updated asset objects reloaded before import = 0
Number of asset objects unloaded after import = 2
========================================================================
Received Import Request.
  Time since last request: 9.107888 seconds.
  path: Assets/0. Asset/JMO Assets/Cartoon FX Remaster/CFXRF Demo.unity
  artifactKey: Guid(04a677eab942f3842bc623749775964d) Importer(815301076,1909f56bfc062723c751e8b465ee728b)
Start importing Assets/0. Asset/JMO Assets/Cartoon FX Remaster/CFXRF Demo.unity using Guid(04a677eab942f3842bc623749775964d) Importer(815301076,1909f56bfc062723c751e8b465ee728b)  -> (artifact id: '259c4499059392d26d681ccbe7342d42') in 0.000455 seconds
Number of updated asset objects reloaded before import = 0
Number of asset objects unloaded after import = 0
========================================================================
Received Import Request.
  Time since last request: 111.494382 seconds.
  path: Assets/0. Asset/JMO Assets/Cartoon FX Remaster/CFXR Prefabs/Misc
  artifactKey: Guid(d38ad60e62a2f954e9ca6d5b3203cc21) Importer(815301076,1909f56bfc062723c751e8b465ee728b)
Start importing Assets/0. Asset/JMO Assets/Cartoon FX Remaster/CFXR Prefabs/Misc using Guid(d38ad60e62a2f954e9ca6d5b3203cc21) Importer(815301076,1909f56bfc062723c751e8b465ee728b)  -> (artifact id: '9c7b7462c547208bc383bf207cce6561') in 0.000406 seconds
Number of updated asset objects reloaded before import = 0
Number of asset objects unloaded after import = 0
========================================================================
Received Import Request.
  Time since last request: 4.084817 seconds.
  path: Assets/0. Asset/JMO Assets/Cartoon FX Remaster/CFXR Prefabs/Misc/CFXR3 Hit Misc F Smoke.prefab
  artifactKey: Guid(9fe8f8b3288e45a44af36ff8aa04486e) Importer(815301076,1909f56bfc062723c751e8b465ee728b)
Start importing Assets/0. Asset/JMO Assets/Cartoon FX Remaster/CFXR Prefabs/Misc/CFXR3 Hit Misc F Smoke.prefab using Guid(9fe8f8b3288e45a44af36ff8aa04486e) Importer(815301076,1909f56bfc062723c751e8b465ee728b) WARNING: R Compressed EAC UNorm format is not supported, decompressing texture
WARNING: R Compressed EAC UNorm format is not supported, decompressing texture
 -> (artifact id: 'b2dfadf0eb92553bf0cb26e8c8d81333') in 0.426121 seconds
Number of updated asset objects reloaded before import = 0
Number of asset objects unloaded after import = 18
========================================================================
Received Import Request.
  Time since last request: 0.706740 seconds.
  path: Assets/0. Asset/JMO Assets/Cartoon FX Remaster/CFXR Prefabs/Misc/CFXR3 Hit Misc A.prefab
  artifactKey: Guid(83036083a4ebcd34f98131bd3cf6f4d2) Importer(815301076,1909f56bfc062723c751e8b465ee728b)
Start importing Assets/0. Asset/JMO Assets/Cartoon FX Remaster/CFXR Prefabs/Misc/CFXR3 Hit Misc A.prefab using Guid(83036083a4ebcd34f98131bd3cf6f4d2) Importer(815301076,1909f56bfc062723c751e8b465ee728b) WARNING: R Compressed EAC UNorm format is not supported, decompressing texture
 -> (artifact id: 'e9c553db4a5e5c1875d08bcfd38c7253') in 0.027244 seconds
Number of updated asset objects reloaded before import = 0
Number of asset objects unloaded after import = 18
========================================================================
Received Import Request.
  Time since last request: 34.256280 seconds.
  path: Assets/1. Scene/Main.unity
  artifactKey: Guid(ee03117376baa4623842f13cccc089b8) Importer(815301076,1909f56bfc062723c751e8b465ee728b)
Start importing Assets/1. Scene/Main.unity using Guid(ee03117376baa4623842f13cccc089b8) Importer(815301076,1909f56bfc062723c751e8b465ee728b)  -> (artifact id: 'acca0820bb108443d6929e5e24d6ff4f') in 0.000465 seconds
Number of updated asset objects reloaded before import = 0
Number of asset objects unloaded after import = 0
========================================================================
Received Import Request.
  Time since last request: 51.542327 seconds.
  path: Assets/0. Asset/JMO Assets/Cartoon FX Remaster/CFXR Assets/Graphics/cfxr stretch rectangle ray ab.mat
  artifactKey: Guid(d2e32673805f8974a888782e19aa2bbf) Importer(815301076,1909f56bfc062723c751e8b465ee728b)
Start importing Assets/0. Asset/JMO Assets/Cartoon FX Remaster/CFXR Assets/Graphics/cfxr stretch rectangle ray ab.mat using Guid(d2e32673805f8974a888782e19aa2bbf) Importer(815301076,1909f56bfc062723c751e8b465ee728b) WARNING: R Compressed EAC UNorm format is not supported, decompressing texture
 -> (artifact id: 'ec13c1c8d5823d30da7af6c9581f7dc0') in 0.047412 seconds
Number of updated asset objects reloaded before import = 0
Number of asset objects unloaded after import = 2
========================================================================
Received Import Request.
  Time since last request: 94.074780 seconds.
  path: Assets/0. Asset/JMO Assets/Cartoon FX Remaster/CFXR Assets/Graphics/cfxr stretch rectangle ray.png
  artifactKey: Guid(6169cfc312e54a94ba501b9c3a5d7357) Importer(815301076,1909f56bfc062723c751e8b465ee728b)
Start importing Assets/0. Asset/JMO Assets/Cartoon FX Remaster/CFXR Assets/Graphics/cfxr stretch rectangle ray.png using Guid(6169cfc312e54a94ba501b9c3a5d7357) Importer(815301076,1909f56bfc062723c751e8b465ee728b) WARNING: R Compressed EAC UNorm format is not supported, decompressing texture
 -> (artifact id: '8847545f5aa426a0597eb0cee9d3ab84') in 0.006658 seconds
Number of updated asset objects reloaded before import = 0
Number of asset objects unloaded after import = 2
========================================================================
Received Import Request.
  Time since last request: 65.910871 seconds.
  path: Assets/0. Asset/JMO Assets/Cartoon FX Remaster/CFXR Assets/Graphics/cfxr stretch rain blur.png
  artifactKey: Guid(a0e7dff5c9a656b4395f3cbc90ceac51) Importer(815301076,1909f56bfc062723c751e8b465ee728b)
Start importing Assets/0. Asset/JMO Assets/Cartoon FX Remaster/CFXR Assets/Graphics/cfxr stretch rain blur.png using Guid(a0e7dff5c9a656b4395f3cbc90ceac51) Importer(815301076,1909f56bfc062723c751e8b465ee728b) WARNING: R Compressed EAC UNorm format is not supported, decompressing texture
 -> (artifact id: '2f8e57e6b819894c2ce705ae65102eff') in 0.005087 seconds
Number of updated asset objects reloaded before import = 0
Number of asset objects unloaded after import = 2
========================================================================
Received Import Request.
  Time since last request: 0.000055 seconds.
  path: Assets/0. Asset/JMO Assets/Cartoon FX Remaster/CFXR Assets/Graphics/cfxr stretch sipkes blur x2.png
  artifactKey: Guid(646bf55dbf79b3f449a60721bdc705f7) Importer(815301076,1909f56bfc062723c751e8b465ee728b)
Start importing Assets/0. Asset/JMO Assets/Cartoon FX Remaster/CFXR Assets/Graphics/cfxr stretch sipkes blur x2.png using Guid(646bf55dbf79b3f449a60721bdc705f7) Importer(815301076,1909f56bfc062723c751e8b465ee728b) WARNING: R Compressed EAC UNorm format is not supported, decompressing texture
 -> (artifact id: '9ce8148f7b9816c0cdeabe062395aeb4') in 0.006670 seconds
Number of updated asset objects reloaded before import = 0
Number of asset objects unloaded after import = 2
========================================================================
Received Import Request.
  Time since last request: 0.000159 seconds.
  path: Assets/0. Asset/JMO Assets/Cartoon FX Remaster/CFXR Assets/Graphics/cfxr stretch sipkes dissolve x2.png
  artifactKey: Guid(e602f08edb29fdd4ebee9cadcb97354c) Importer(815301076,1909f56bfc062723c751e8b465ee728b)
Start importing Assets/0. Asset/JMO Assets/Cartoon FX Remaster/CFXR Assets/Graphics/cfxr stretch sipkes dissolve x2.png using Guid(e602f08edb29fdd4ebee9cadcb97354c) Importer(815301076,1909f56bfc062723c751e8b465ee728b) WARNING: R Compressed EAC UNorm format is not supported, decompressing texture
 -> (artifact id: '71f9fd201460debcce3e0607b1032f49') in 0.008058 seconds
Number of updated asset objects reloaded before import = 0
Number of asset objects unloaded after import = 2
========================================================================
Received Import Request.
  Time since last request: 0.000061 seconds.
  path: Assets/0. Asset/JMO Assets/Cartoon FX Remaster/CFXR Assets/Graphics/cfxr stretch rectangle ray blur.png
  artifactKey: Guid(4077fe32903779747aeb714946d83235) Importer(815301076,1909f56bfc062723c751e8b465ee728b)
Start importing Assets/0. Asset/JMO Assets/Cartoon FX Remaster/CFXR Assets/Graphics/cfxr stretch rectangle ray blur.png using Guid(4077fe32903779747aeb714946d83235) Importer(815301076,1909f56bfc062723c751e8b465ee728b) WARNING: R Compressed EAC UNorm format is not supported, decompressing texture
 -> (artifact id: '0cfe12c9b327cccc20928fcd307c0098') in 0.005670 seconds
Number of updated asset objects reloaded before import = 0
Number of asset objects unloaded after import = 2
========================================================================
Received Import Request.
  Time since last request: 0.000080 seconds.
  path: Assets/0. Asset/JMO Assets/Cartoon FX Remaster/CFXR Assets/Graphics/cfxr stretch skull.png
  artifactKey: Guid(e22e3ce7ca869a543a53b43e66618963) Importer(815301076,1909f56bfc062723c751e8b465ee728b)
Start importing Assets/0. Asset/JMO Assets/Cartoon FX Remaster/CFXR Assets/Graphics/cfxr stretch skull.png using Guid(e22e3ce7ca869a543a53b43e66618963) Importer(815301076,1909f56bfc062723c751e8b465ee728b) WARNING: R Compressed EAC UNorm format is not supported, decompressing texture
 -> (artifact id: 'aae9a087c14377e54f799b8ad5d86a4d') in 0.005778 seconds
Number of updated asset objects reloaded before import = 0
Number of asset objects unloaded after import = 2
Editor requested this worker to shutdown with reason: Scaling down because of idle timeout
TcpMessagingSession - receive error: operation aborted. errorcode: 89, details: Operation aborted.
AssetImportWorker is now disconnected from the server
Process exiting
