
=== Thu May 30 15:21:31 2024

Packages were changed.
Update Mode: updateDependencies

The following packages were added:
  com.unity.2d.sprite@1.0.0
  com.unity.2d.tilemap@1.0.0
  com.unity.ide.rider@3.0.28
  com.unity.ide.visualstudio@2.0.22
  com.unity.ide.vscode@1.2.5
  com.unity.modules.androidjni@1.0.0
  com.unity.test-framework@1.1.33
  com.unity.ugui@1.0.0
  com.unity.ai.navigation@1.1.5
The following packages were updated:
  com.unity.ads from version 2.0.8 to 4.4.2
  com.unity.analytics from version 3.2.2 to 3.8.1
  com.unity.collab-proxy from version 1.2.15 to 2.3.1
  com.unity.purchasing from version 2.0.1 to 4.11.0
  com.unity.textmeshpro from version 1.3.0 to 3.0.6
  com.unity.timeline from version 1.0.0 to 1.7.6
The following packages were removed:
  com.unity.package-manager-ui@2.1.1

=== Wed Jun 12 15:34:30 2024

Packages were changed.
Update Mode: updateDependencies

The following packages were updated:
  com.unity.collab-proxy from version 1.2.16 to 2.3.1
  com.unity.ide.rider from version 1.1.4 to 3.0.28
  com.unity.ide.vscode from version 1.2.3 to 1.2.5
  com.unity.test-framework from version 1.1.20 to 1.1.33
  com.unity.textmeshpro from version 2.1.1 to 3.0.6
  com.unity.timeline from version 1.2.17 to 1.7.6

=== Thu Jul 11 14:49:33 2024

Packages were changed.
Update Mode: updateDependencies

The following packages were added:
  com.unity.modules.accessibility@1.0.0
The following packages were updated:
  com.unity.ai.navigation from version 1.1.5 to 2.0.0
  com.unity.test-framework from version 1.1.33 to 1.4.4
  com.unity.timeline from version 1.7.6 to 1.8.6
  com.unity.ugui from version 1.0.0 to 2.0.0
The following packages were removed:
  com.unity.textmeshpro@3.0.6
